<?xml version="1.0" encoding="UTF-8" ?>
<testsuites>
  <testsuite errors="0" failures="0" hostname="ZILLMANN1" id="0" name="HomeControllerTests" package="topf" tests="1" time="0.274" timestamp="2012-09-27T13:49:30">
      <properties />

      <testcase classname="topf.HomeControllerTests" name="testSomething" time="0.187" />

      <system-out><![CDATA[--Output from testSomething--
]]></system-out>

      <system-err><![CDATA[--Output from testSomething--
]]></system-err>

  </testsuite>
  <testsuite errors="0" failures="0" hostname="ZILLMANN1" id="1" name="AddressTests" package="topf.addy" tests="1" time="0.898" timestamp="2012-09-27T13:49:25">
      <properties />

      <testcase classname="topf.addy.AddressTests" name="testSomething" time="0.744" />

      <system-out><![CDATA[--Output from testSomething--
]]></system-out>

      <system-err><![CDATA[--Output from testSomething--
]]></system-err>

  </testsuite>
  <testsuite errors="0" failures="0" hostname="ZILLMANN1" id="2" name="PersonTests" package="topf.addy" tests="1" time="0.466" timestamp="2012-09-27T13:49:26">
      <properties />

      <testcase classname="topf.addy.PersonTests" name="testSomething" time="0.346" />

      <system-out><![CDATA[--Output from testSomething--
]]></system-out>

      <system-err><![CDATA[--Output from testSomething--
]]></system-err>

  </testsuite>
  <testsuite errors="0" failures="0" hostname="ZILLMANN1" id="3" name="TelNumberTests" package="topf.addy.tele" tests="1" time="0.353" timestamp="2012-09-27T13:49:26">
      <properties />

      <testcase classname="topf.addy.tele.TelNumberTests" name="testSomething" time="0.225" />

      <system-out><![CDATA[--Output from testSomething--
]]></system-out>

      <system-err><![CDATA[--Output from testSomething--
]]></system-err>

  </testsuite>
  <testsuite errors="0" failures="0" hostname="ZILLMANN1" id="4" name="BasCatTests" package="topf.catalog" tests="1" time="0.173" timestamp="2012-09-27T13:49:27">
      <properties />

      <testcase classname="topf.catalog.BasCatTests" name="testSomething" time="0.065" />

      <system-out><![CDATA[--Output from testSomething--
]]></system-out>

      <system-err><![CDATA[--Output from testSomething--
]]></system-err>

  </testsuite>
  <testsuite errors="0" failures="0" hostname="ZILLMANN1" id="5" name="CountryTests" package="topf.catalog" tests="1" time="0.718" timestamp="2012-09-27T13:49:27">
      <properties />

      <testcase classname="topf.catalog.CountryTests" name="testSomething" time="0.148" />

      <system-out><![CDATA[--Output from testSomething--
]]></system-out>

      <system-err><![CDATA[--Output from testSomething--
]]></system-err>

  </testsuite>
  <testsuite errors="0" failures="0" hostname="ZILLMANN1" id="6" name="SalutControllerTests" package="topf.catalog" tests="1" time="1.589" timestamp="2012-09-27T13:49:28">
      <properties />

      <testcase classname="topf.catalog.SalutControllerTests" name="testSomething" time="1.481" />

      <system-out><![CDATA[--Output from testSomething--
]]></system-out>

      <system-err><![CDATA[--Output from testSomething--
]]></system-err>

  </testsuite>
  <testsuite errors="0" failures="0" hostname="ZILLMANN1" id="7" name="SalutTests" package="topf.catalog" tests="1" time="0.205" timestamp="2012-09-27T13:49:29">
      <properties />

      <testcase classname="topf.catalog.SalutTests" name="testSomething" time="0.102" />

      <system-out><![CDATA[--Output from testSomething--
]]></system-out>

      <system-err><![CDATA[--Output from testSomething--
]]></system-err>

  </testsuite>
  <testsuite errors="0" failures="0" hostname="ZILLMANN1" id="8" name="TelTypeTests" package="topf.catalog" tests="1" time="0.283" timestamp="2012-09-27T13:49:29">
      <properties />

      <testcase classname="topf.catalog.TelTypeTests" name="testSomething" time="0.099" />

      <system-out><![CDATA[--Output from testSomething--
]]></system-out>

      <system-err><![CDATA[--Output from testSomething--
]]></system-err>

  </testsuite>
  <testsuite errors="0" failures="0" hostname="ZILLMANN1" id="9" name="TitleControllerTests" package="topf.catalog" tests="1" time="0.397" timestamp="2012-09-27T13:49:30">
      <properties />

      <testcase classname="topf.catalog.TitleControllerTests" name="testSomething" time="0.289" />

      <system-out><![CDATA[--Output from testSomething--
]]></system-out>

      <system-err><![CDATA[--Output from testSomething--
]]></system-err>

  </testsuite>
  <testsuite errors="0" failures="0" hostname="ZILLMANN1" id="10" name="TitleTests" package="topf.catalog" tests="1" time="0.208" timestamp="2012-09-27T13:49:30">
      <properties />

      <testcase classname="topf.catalog.TitleTests" name="testSomething" time="0.085" />

      <system-out><![CDATA[--Output from testSomething--
]]></system-out>

      <system-err><![CDATA[--Output from testSomething--
]]></system-err>

  </testsuite>
  <testsuite errors="1" failures="0" hostname="ZILLMANN1" id="11" name="UserTests" package="topf.security" tests="1" time="1.202" timestamp="2012-09-27T13:49:31">
      <properties />

      <testcase classname="topf.security.UserTests" name="testPwdCheck" time="1.199">
          <error message="No signature of method: java.lang.String.encodeAsSHA256() is applicable for argument types: () values: []" type="groovy.lang.MissingMethodException">groovy.lang.MissingMethodException: No signature of method: java.lang.String.encodeAsSHA256() is applicable for argument types: () values: []
	at topf.security.User.isPwdOk(User.groovy:41)
	at topf.security.UserTests.testPwdCheck(UserTests.groovy:18)
</error>

      </testcase>

      <system-out><![CDATA[--Output from testPwdCheck--
encrypted null
]]></system-out>

      <system-err><![CDATA[--Output from testPwdCheck--
]]></system-err>

  </testsuite>
</testsuites>
